
Currently Loaded Modules:
  1) gcc/11.3.0   2) 2024r1   3) python/3.10.12

 

PWD=/home/jcluistra/thesis_generative_timber
HOST=cmp025
WHICH_PYTHON=/apps/arch/2024r1/software/linux-rhel8-cascadelake/gcc-11.3.0/python-3.10.12-mbd7p3cnlhl4m4kufnxwxaxdmicnvkno/bin/python
Python 3.10.12
VENV_PYTHON=/scratch/jcluistra/venvs/thesis_gnn/bin/python
Python 3.10.12
System loaded successfully (DelftBlue mode).

Code is running locally from: thesis_generative_timber
Data connected to DelftBlue scratch: /scratch/jcluistra

✓ Loaded DelftBlue configuration

GH data directory: /scratch/jcluistra/data/01_grasshopper_data
Raw data directory: /scratch/jcluistra/data/02_raw_data
Export directory: /scratch/jcluistra/results
============================================================
c21 SURROGATE MODEL TRAINING
============================================================

Device: cpu

Parameters loaded:
- lr=0.0005, epochs=2, batch=8
- hidden_dim=64, weight_decay=0.0
- Run ID: cpu_smoke

1. Loading multi-source dataset...

--- DATA VALIDATION ---
Node rows:         130000
Edge rows:         320000
Global rows:       10000
Samples:           10000
Node count:        13
Edge count:        32
edge_index shape:  (2, 32)
Validation successful. Multi-source data loaded correctly.

Processing and normalizing data...
Dataset ready! Train: 8000 graphs. Test: 2000 graphs.

Training from scratch.
Model: TrussEdgeNNConv on cpu

🚀 Starting training...


Training completed! Test R2: 0.7943 | Test RMSE: 10.5203 | Test MAE: 6.9544

💾 Exporting model and scalers...

Scalers saved to:
- /scratch/jcluistra/results/01_surrogate_models/cpu_smoke_LR0.0005_EP2_R0.79_node_scaler.pkl
- /scratch/jcluistra/results/01_surrogate_models/cpu_smoke_LR0.0005_EP2_R0.79_edge_feature_scaler.pkl
- /scratch/jcluistra/results/01_surrogate_models/cpu_smoke_LR0.0005_EP2_R0.79_edge_target_scaler.pkl
- /scratch/jcluistra/results/01_surrogate_models/cpu_smoke_LR0.0005_EP2_R0.79_global_feature_scaler.pkl
Model checkpoint saved:
- /scratch/jcluistra/results/01_surrogate_models/cpu_smoke_LR0.0005_EP2_R0.79_surrogate_model.pt
Run manifest saved:
- /scratch/jcluistra/results/01_surrogate_models/cpu_smoke_LR0.0005_EP2_R0.79_run_manifest.json

============================================================
TRAINING COMPLETE
============================================================
